<?xml version="1.0" encoding="UTF-8"?>
<!-- Generated by org.testng.reporters.JUnitXMLReporter -->
<testsuite ignored="0" hostname="DESKTOP-EJPKS3F" failures="0" tests="26" name="Google Cloud Storage Tests" time="158.577" errors="0" timestamp="2025-02-26T17:58:27 IST">
  <testcase classname="tests.RsyncTest" name="testSyncFromInvalidSource" time="2.007"/>
  <testcase classname="tests.RsyncTest" name="testSyncFromInvalidSource" time="2.24"/>
  <testcase classname="tests.CopyFileTest" name="testCopyFile" time="6.268"/>
  <testcase classname="tests.RsyncTest" name="testSyncFromInvalidSource" time="2.202"/>
  <testcase classname="tests.CopyFileTest" name="testCopyFile" time="9.566"/>
  <testcase classname="tests.RsyncTest" name="testSyncGCSToLocal" time="20.498"/>
  <testcase classname="tests.CopyFileTest" name="testCopyFile" time="14.405"/>
  <testcase classname="tests.CopyFileTest" name="testCopyFile" time="9.31"/>
  <testcase classname="tests.RsyncTest" name="testSyncGCSToLocal" time="19.676"/>
  <testcase classname="tests.CopyFileTest" name="testCopyFile" time="9.798"/>
  <testcase classname="tests.CopyFileTest" name="testCopyFromInvalidLocalPath" time="8.905"/>
  <testcase classname="tests.RsyncTest" name="testSyncGCSToLocal" time="17.493"/>
  <testcase classname="tests.CopyFileTest" name="testCopyNonExistentFile" time="8.654"/>
  <testcase classname="tests.CopyFileTest" name="testCopyToInvalidGCSPath" time="8.663"/>
  <testcase classname="tests.RsyncTest" name="testSyncGCSToLocal" time="17.328"/>
  <testcase classname="tests.RsyncTest" name="testSyncGCSToLocal" time="17.095"/>
  <testcase classname="tests.RemoveFileTest" name="testRemoveFiles" time="13.349"/>
  <testcase classname="tests.RemoveFileTest" name="testRemoveFiles" time="12.466"/>
  <testcase classname="tests.RsyncTest" name="testSyncLocalToGCS" time="18.103"/>
  <testcase classname="tests.RemoveFileTest" name="testRemoveFiles" time="14.236"/>
  <testcase classname="tests.RsyncTest" name="testSyncLocalToGCS" time="16.611"/>
  <testcase classname="tests.RemoveFileTest" name="testRemoveFiles" time="5.531"/>
  <testcase classname="tests.RemoveFileTest" name="testRemoveFiles" time="12.266"/>
  <testcase classname="tests.RsyncTest" name="testSyncLocalToGCS" time="15.203"/>
  <testcase classname="tests.RemoveFileTest" name="testRemoveFilesFromNonExistentBucket" time="4.768"/>
  <testcase classname="tests.RemoveFileTest" name="testRemoveNonExistentFiles" time="5.263"/>
</testsuite> <!-- Google Cloud Storage Tests -->
